  convert.cpp
  Defining YAML_CPP_API for DLL import
C:\Users\ssnee\Desktop\CPP-Game-Engine\TD Game\Dependencies\yaml\include\yaml-cpp\binary.h(65,30): warning C4251: 'YAML::Binary::m_data': class 'std::vector<unsigned char,std::allocator<unsigned char>>' needs to have dll-interface to be used by clients of class 'YAML::Binary'
C:\Users\ssnee\Desktop\CPP-Game-Engine\TD Game\Dependencies\yaml\include\yaml-cpp\binary.h(18,19): message : see declaration of 'std::vector<unsigned char,std::allocator<unsigned char>>'
C:\Users\ssnee\Desktop\CPP-Game-Engine\TD Game\Dependencies\yaml\include\yaml-cpp\exceptions.h(153,44): warning C4275: non dll-interface class 'std::runtime_error' used as base for dll-interface class 'YAML::Exception'
C:\Program Files\Microsoft Visual Studio\2022\Community\VC\Tools\MSVC\14.37.32822\include\stdexcept(101,19): message : see declaration of 'std::runtime_error'
C:\Users\ssnee\Desktop\CPP-Game-Engine\TD Game\Dependencies\yaml\include\yaml-cpp\exceptions.h(153,20): message : see declaration of 'YAML::Exception'
C:\Users\ssnee\Desktop\CPP-Game-Engine\TD Game\Dependencies\yaml\include\yaml-cpp\exceptions.h(162,15): warning C4251: 'YAML::Exception::msg': class 'std::basic_string<char,std::char_traits<char>,std::allocator<char>>' needs to have dll-interface to be used by clients of class 'YAML::Exception'
C:\Program Files\Microsoft Visual Studio\2022\Community\VC\Tools\MSVC\14.37.32822\include\xstring(5119,29): message : see declaration of 'std::basic_string<char,std::char_traits<char>,std::allocator<char>>'
C:\Users\ssnee\Desktop\CPP-Game-Engine\TD Game\Dependencies\yaml\include\yaml-cpp\node\detail\memory.h(31,9): warning C4251: 'YAML::detail::memory::m_nodes': class 'std::set<YAML::detail::shared_node,std::less<YAML::detail::shared_node>,std::allocator<YAML::detail::shared_node>>' needs to have dll-interface to be used by clients of class 'YAML::detail::memory'
C:\Users\ssnee\Desktop\CPP-Game-Engine\TD Game\Dependencies\yaml\include\yaml-cpp\node\detail\memory.h(30,22): message : see declaration of 'std::set<YAML::detail::shared_node,std::less<YAML::detail::shared_node>,std::allocator<YAML::detail::shared_node>>'
C:\Users\ssnee\Desktop\CPP-Game-Engine\TD Game\Dependencies\yaml\include\yaml-cpp\node\detail\memory.h(42,17): warning C4251: 'YAML::detail::memory_holder::m_pMemory': class 'std::shared_ptr<YAML::detail::memory>' needs to have dll-interface to be used by clients of class 'YAML::detail::memory_holder'
C:\Users\ssnee\Desktop\CPP-Game-Engine\TD Game\Dependencies\yaml\include\yaml-cpp\node\ptr.h(24,28): message : see declaration of 'std::shared_ptr<YAML::detail::memory>'
C:\Users\ssnee\Desktop\CPP-Game-Engine\TD Game\Dependencies\yaml\include\yaml-cpp\node\node.h(135,15): warning C4251: 'YAML::Node::m_invalidKey': class 'std::basic_string<char,std::char_traits<char>,std::allocator<char>>' needs to have dll-interface to be used by clients of class 'YAML::Node'
C:\Program Files\Microsoft Visual Studio\2022\Community\VC\Tools\MSVC\14.37.32822\include\xstring(5119,29): message : see declaration of 'std::basic_string<char,std::char_traits<char>,std::allocator<char>>'
C:\Users\ssnee\Desktop\CPP-Game-Engine\TD Game\Dependencies\yaml\include\yaml-cpp\node\node.h(136,40): warning C4251: 'YAML::Node::m_pMemory': class 'std::shared_ptr<YAML::detail::memory_holder>' needs to have dll-interface to be used by clients of class 'YAML::Node'
C:\Users\ssnee\Desktop\CPP-Game-Engine\TD Game\Dependencies\yaml\include\yaml-cpp\node\ptr.h(23,35): message : see declaration of 'std::shared_ptr<YAML::detail::memory_holder>'
C:\Users\ssnee\Desktop\CPP-Game-Engine\TD Game\Dependencies\yaml\include\yaml-cpp\node\detail\node_data.h(105,15): warning C4251: 'YAML::detail::node_data::m_tag': class 'std::basic_string<char,std::char_traits<char>,std::allocator<char>>' needs to have dll-interface to be used by clients of class 'YAML::detail::node_data'
C:\Program Files\Microsoft Visual Studio\2022\Community\VC\Tools\MSVC\14.37.32822\include\xstring(5119,29): message : see declaration of 'std::basic_string<char,std::char_traits<char>,std::allocator<char>>'
C:\Users\ssnee\Desktop\CPP-Game-Engine\TD Game\Dependencies\yaml\include\yaml-cpp\node\detail\node_data.h(109,15): warning C4251: 'YAML::detail::node_data::m_scalar': class 'std::basic_string<char,std::char_traits<char>,std::allocator<char>>' needs to have dll-interface to be used by clients of class 'YAML::detail::node_data'
C:\Program Files\Microsoft Visual Studio\2022\Community\VC\Tools\MSVC\14.37.32822\include\xstring(5119,29): message : see declaration of 'std::basic_string<char,std::char_traits<char>,std::allocator<char>>'
C:\Users\ssnee\Desktop\CPP-Game-Engine\TD Game\Dependencies\yaml\include\yaml-cpp\node\detail\node_data.h(113,12): warning C4251: 'YAML::detail::node_data::m_sequence': class 'std::vector<YAML::detail::node *,std::allocator<YAML::detail::node *>>' needs to have dll-interface to be used by clients of class 'YAML::detail::node_data'
C:\Users\ssnee\Desktop\CPP-Game-Engine\TD Game\Dependencies\yaml\include\yaml-cpp\node\detail\node_iterator.h(39,23): message : see declaration of 'std::vector<YAML::detail::node *,std::allocator<YAML::detail::node *>>'
C:\Users\ssnee\Desktop\CPP-Game-Engine\TD Game\Dependencies\yaml\include\yaml-cpp\node\detail\node_data.h(119,12): warning C4251: 'YAML::detail::node_data::m_map': class 'std::vector<std::pair<YAML::detail::node *,YAML::detail::node *>,std::allocator<std::pair<YAML::detail::node *,YAML::detail::node *>>>' needs to have dll-interface to be used by clients of class 'YAML::detail::node_data'
C:\Users\ssnee\Desktop\CPP-Game-Engine\TD Game\Dependencies\yaml\include\yaml-cpp\node\detail\node_iterator.h(40,23): message : see declaration of 'std::vector<std::pair<YAML::detail::node *,YAML::detail::node *>,std::allocator<std::pair<YAML::detail::node *,YAML::detail::node *>>>'
C:\Users\ssnee\Desktop\CPP-Game-Engine\TD Game\Dependencies\yaml\include\yaml-cpp\node\detail\node_data.h(123,20): warning C4251: 'YAML::detail::node_data::m_undefinedPairs': class 'std::list<YAML::detail::node_data::kv_pair,std::allocator<std::pair<YAML::detail::node *,YAML::detail::node *>>>' needs to have dll-interface to be used by clients of class 'YAML::detail::node_data'
C:\Users\ssnee\Desktop\CPP-Game-Engine\TD Game\Dependencies\yaml\include\yaml-cpp\node\detail\node_data.h(122,25): message : see declaration of 'std::list<YAML::detail::node_data::kv_pair,std::allocator<std::pair<YAML::detail::node *,YAML::detail::node *>>>'
C:\Users\ssnee\Desktop\CPP-Game-Engine\TD Game\Dependencies\yaml\src\convert.cpp(41,21): warning C4273: 'YAML::convert<bool>::decode': inconsistent dll linkage
C:\Users\ssnee\Desktop\CPP-Game-Engine\TD Game\Dependencies\yaml\include\yaml-cpp\node\convert.h(245,28): message : see previous definition of 'decode'
  memory.cpp
  Defining YAML_CPP_API for DLL import
C:\Users\ssnee\Desktop\CPP-Game-Engine\TD Game\Dependencies\yaml\include\yaml-cpp\node\detail\memory.h(31,9): warning C4251: 'YAML::detail::memory::m_nodes': class 'std::set<YAML::detail::shared_node,std::less<YAML::detail::shared_node>,std::allocator<YAML::detail::shared_node>>' needs to have dll-interface to be used by clients of class 'YAML::detail::memory'
C:\Users\ssnee\Desktop\CPP-Game-Engine\TD Game\Dependencies\yaml\include\yaml-cpp\node\detail\memory.h(30,22): message : see declaration of 'std::set<YAML::detail::shared_node,std::less<YAML::detail::shared_node>,std::allocator<YAML::detail::shared_node>>'
C:\Users\ssnee\Desktop\CPP-Game-Engine\TD Game\Dependencies\yaml\include\yaml-cpp\node\detail\memory.h(42,17): warning C4251: 'YAML::detail::memory_holder::m_pMemory': class 'std::shared_ptr<YAML::detail::memory>' needs to have dll-interface to be used by clients of class 'YAML::detail::memory_holder'
C:\Users\ssnee\Desktop\CPP-Game-Engine\TD Game\Dependencies\yaml\include\yaml-cpp\node\ptr.h(24,28): message : see declaration of 'std::shared_ptr<YAML::detail::memory>'
C:\Users\ssnee\Desktop\CPP-Game-Engine\TD Game\Dependencies\yaml\include\yaml-cpp\node\node.h(135,15): warning C4251: 'YAML::Node::m_invalidKey': class 'std::basic_string<char,std::char_traits<char>,std::allocator<char>>' needs to have dll-interface to be used by clients of class 'YAML::Node'
C:\Program Files\Microsoft Visual Studio\2022\Community\VC\Tools\MSVC\14.37.32822\include\xstring(5119,29): message : see declaration of 'std::basic_string<char,std::char_traits<char>,std::allocator<char>>'
C:\Users\ssnee\Desktop\CPP-Game-Engine\TD Game\Dependencies\yaml\include\yaml-cpp\node\node.h(136,40): warning C4251: 'YAML::Node::m_pMemory': class 'std::shared_ptr<YAML::detail::memory_holder>' needs to have dll-interface to be used by clients of class 'YAML::Node'
C:\Users\ssnee\Desktop\CPP-Game-Engine\TD Game\Dependencies\yaml\include\yaml-cpp\node\ptr.h(23,35): message : see declaration of 'std::shared_ptr<YAML::detail::memory_holder>'
C:\Users\ssnee\Desktop\CPP-Game-Engine\TD Game\Dependencies\yaml\include\yaml-cpp\node\detail\node_data.h(105,15): warning C4251: 'YAML::detail::node_data::m_tag': class 'std::basic_string<char,std::char_traits<char>,std::allocator<char>>' needs to have dll-interface to be used by clients of class 'YAML::detail::node_data'
C:\Program Files\Microsoft Visual Studio\2022\Community\VC\Tools\MSVC\14.37.32822\include\xstring(5119,29): message : see declaration of 'std::basic_string<char,std::char_traits<char>,std::allocator<char>>'
C:\Users\ssnee\Desktop\CPP-Game-Engine\TD Game\Dependencies\yaml\include\yaml-cpp\node\detail\node_data.h(109,15): warning C4251: 'YAML::detail::node_data::m_scalar': class 'std::basic_string<char,std::char_traits<char>,std::allocator<char>>' needs to have dll-interface to be used by clients of class 'YAML::detail::node_data'
C:\Program Files\Microsoft Visual Studio\2022\Community\VC\Tools\MSVC\14.37.32822\include\xstring(5119,29): message : see declaration of 'std::basic_string<char,std::char_traits<char>,std::allocator<char>>'
C:\Users\ssnee\Desktop\CPP-Game-Engine\TD Game\Dependencies\yaml\include\yaml-cpp\node\detail\node_data.h(113,12): warning C4251: 'YAML::detail::node_data::m_sequence': class 'std::vector<YAML::detail::node *,std::allocator<YAML::detail::node *>>' needs to have dll-interface to be used by clients of class 'YAML::detail::node_data'
C:\Users\ssnee\Desktop\CPP-Game-Engine\TD Game\Dependencies\yaml\include\yaml-cpp\node\detail\node_iterator.h(39,23): message : see declaration of 'std::vector<YAML::detail::node *,std::allocator<YAML::detail::node *>>'
C:\Users\ssnee\Desktop\CPP-Game-Engine\TD Game\Dependencies\yaml\include\yaml-cpp\node\detail\node_data.h(119,12): warning C4251: 'YAML::detail::node_data::m_map': class 'std::vector<std::pair<YAML::detail::node *,YAML::detail::node *>,std::allocator<std::pair<YAML::detail::node *,YAML::detail::node *>>>' needs to have dll-interface to be used by clients of class 'YAML::detail::node_data'
C:\Users\ssnee\Desktop\CPP-Game-Engine\TD Game\Dependencies\yaml\include\yaml-cpp\node\detail\node_iterator.h(40,23): message : see declaration of 'std::vector<std::pair<YAML::detail::node *,YAML::detail::node *>,std::allocator<std::pair<YAML::detail::node *,YAML::detail::node *>>>'
C:\Users\ssnee\Desktop\CPP-Game-Engine\TD Game\Dependencies\yaml\include\yaml-cpp\node\detail\node_data.h(123,20): warning C4251: 'YAML::detail::node_data::m_undefinedPairs': class 'std::list<YAML::detail::node_data::kv_pair,std::allocator<std::pair<YAML::detail::node *,YAML::detail::node *>>>' needs to have dll-interface to be used by clients of class 'YAML::detail::node_data'
C:\Users\ssnee\Desktop\CPP-Game-Engine\TD Game\Dependencies\yaml\include\yaml-cpp\node\detail\node_data.h(122,25): message : see declaration of 'std::list<YAML::detail::node_data::kv_pair,std::allocator<std::pair<YAML::detail::node *,YAML::detail::node *>>>'
C:\Users\ssnee\Desktop\CPP-Game-Engine\TD Game\Dependencies\yaml\src\memory.cpp(8,21): warning C4273: 'YAML::detail::memory_holder::merge': inconsistent dll linkage
C:\Users\ssnee\Desktop\CPP-Game-Engine\TD Game\Dependencies\yaml\include\yaml-cpp\node\detail\memory.h(39,8): message : see previous definition of 'merge'
C:\Users\ssnee\Desktop\CPP-Game-Engine\TD Game\Dependencies\yaml\src\memory.cpp(16,15): warning C4273: 'YAML::detail::memory::create_node': inconsistent dll linkage
C:\Users\ssnee\Desktop\CPP-Game-Engine\TD Game\Dependencies\yaml\include\yaml-cpp\node\detail\memory.h(26,9): message : see previous definition of 'create_node'
C:\Users\ssnee\Desktop\CPP-Game-Engine\TD Game\Dependencies\yaml\src\memory.cpp(22,14): warning C4273: 'YAML::detail::memory::merge': inconsistent dll linkage
C:\Users\ssnee\Desktop\CPP-Game-Engine\TD Game\Dependencies\yaml\include\yaml-cpp\node\detail\memory.h(27,8): message : see previous definition of 'merge'
  nodebuilder.cpp
  Defining YAML_CPP_API for DLL import
C:\Users\ssnee\Desktop\CPP-Game-Engine\TD Game\Dependencies\yaml\include\yaml-cpp\node\node.h(135,15): warning C4251: 'YAML::Node::m_invalidKey': class 'std::basic_string<char,std::char_traits<char>,std::allocator<char>>' needs to have dll-interface to be used by clients of class 'YAML::Node'
C:\Program Files\Microsoft Visual Studio\2022\Community\VC\Tools\MSVC\14.37.32822\include\xstring(5119,29): message : see declaration of 'std::basic_string<char,std::char_traits<char>,std::allocator<char>>'
C:\Users\ssnee\Desktop\CPP-Game-Engine\TD Game\Dependencies\yaml\include\yaml-cpp\node\node.h(136,40): warning C4251: 'YAML::Node::m_pMemory': class 'std::shared_ptr<YAML::detail::memory_holder>' needs to have dll-interface to be used by clients of class 'YAML::Node'
C:\Users\ssnee\Desktop\CPP-Game-Engine\TD Game\Dependencies\yaml\include\yaml-cpp\node\ptr.h(23,35): message : see declaration of 'std::shared_ptr<YAML::detail::memory_holder>'
C:\Users\ssnee\Desktop\CPP-Game-Engine\TD Game\Dependencies\yaml\include\yaml-cpp\node\detail\node_data.h(105,15): warning C4251: 'YAML::detail::node_data::m_tag': class 'std::basic_string<char,std::char_traits<char>,std::allocator<char>>' needs to have dll-interface to be used by clients of class 'YAML::detail::node_data'
C:\Program Files\Microsoft Visual Studio\2022\Community\VC\Tools\MSVC\14.37.32822\include\xstring(5119,29): message : see declaration of 'std::basic_string<char,std::char_traits<char>,std::allocator<char>>'
C:\Users\ssnee\Desktop\CPP-Game-Engine\TD Game\Dependencies\yaml\include\yaml-cpp\node\detail\node_data.h(109,15): warning C4251: 'YAML::detail::node_data::m_scalar': class 'std::basic_string<char,std::char_traits<char>,std::allocator<char>>' needs to have dll-interface to be used by clients of class 'YAML::detail::node_data'
C:\Program Files\Microsoft Visual Studio\2022\Community\VC\Tools\MSVC\14.37.32822\include\xstring(5119,29): message : see declaration of 'std::basic_string<char,std::char_traits<char>,std::allocator<char>>'
C:\Users\ssnee\Desktop\CPP-Game-Engine\TD Game\Dependencies\yaml\include\yaml-cpp\node\detail\node_data.h(113,12): warning C4251: 'YAML::detail::node_data::m_sequence': class 'std::vector<YAML::detail::node *,std::allocator<YAML::detail::node *>>' needs to have dll-interface to be used by clients of class 'YAML::detail::node_data'
C:\Users\ssnee\Desktop\CPP-Game-Engine\TD Game\Dependencies\yaml\src\nodebuilder.h(64,22): message : see declaration of 'std::vector<YAML::detail::node *,std::allocator<YAML::detail::node *>>'
C:\Users\ssnee\Desktop\CPP-Game-Engine\TD Game\Dependencies\yaml\include\yaml-cpp\node\detail\node_data.h(119,12): warning C4251: 'YAML::detail::node_data::m_map': class 'std::vector<std::pair<YAML::detail::node *,YAML::detail::node *>,std::allocator<std::pair<YAML::detail::node *,YAML::detail::node *>>>' needs to have dll-interface to be used by clients of class 'YAML::detail::node_data'
C:\Users\ssnee\Desktop\CPP-Game-Engine\TD Game\Dependencies\yaml\include\yaml-cpp\node\detail\node_iterator.h(40,23): message : see declaration of 'std::vector<std::pair<YAML::detail::node *,YAML::detail::node *>,std::allocator<std::pair<YAML::detail::node *,YAML::detail::node *>>>'
C:\Users\ssnee\Desktop\CPP-Game-Engine\TD Game\Dependencies\yaml\include\yaml-cpp\node\detail\node_data.h(123,20): warning C4251: 'YAML::detail::node_data::m_undefinedPairs': class 'std::list<YAML::detail::node_data::kv_pair,std::allocator<std::pair<YAML::detail::node *,YAML::detail::node *>>>' needs to have dll-interface to be used by clients of class 'YAML::detail::node_data'
C:\Users\ssnee\Desktop\CPP-Game-Engine\TD Game\Dependencies\yaml\include\yaml-cpp\node\detail\node_data.h(122,25): message : see declaration of 'std::list<YAML::detail::node_data::kv_pair,std::allocator<std::pair<YAML::detail::node *,YAML::detail::node *>>>'
C:\Users\ssnee\Desktop\CPP-Game-Engine\TD Game\Dependencies\yaml\include\yaml-cpp\exceptions.h(153,44): warning C4275: non dll-interface class 'std::runtime_error' used as base for dll-interface class 'YAML::Exception'
C:\Program Files\Microsoft Visual Studio\2022\Community\VC\Tools\MSVC\14.37.32822\include\stdexcept(101,19): message : see declaration of 'std::runtime_error'
C:\Users\ssnee\Desktop\CPP-Game-Engine\TD Game\Dependencies\yaml\include\yaml-cpp\exceptions.h(153,20): message : see declaration of 'YAML::Exception'
C:\Users\ssnee\Desktop\CPP-Game-Engine\TD Game\Dependencies\yaml\include\yaml-cpp\exceptions.h(162,15): warning C4251: 'YAML::Exception::msg': class 'std::basic_string<char,std::char_traits<char>,std::allocator<char>>' needs to have dll-interface to be used by clients of class 'YAML::Exception'
C:\Program Files\Microsoft Visual Studio\2022\Community\VC\Tools\MSVC\14.37.32822\include\xstring(5119,29): message : see declaration of 'std::basic_string<char,std::char_traits<char>,std::allocator<char>>'
C:\Users\ssnee\Desktop\CPP-Game-Engine\TD Game\Dependencies\yaml\include\yaml-cpp\node\detail\memory.h(31,9): warning C4251: 'YAML::detail::memory::m_nodes': class 'std::set<YAML::detail::shared_node,std::less<YAML::detail::shared_node>,std::allocator<YAML::detail::shared_node>>' needs to have dll-interface to be used by clients of class 'YAML::detail::memory'
C:\Users\ssnee\Desktop\CPP-Game-Engine\TD Game\Dependencies\yaml\include\yaml-cpp\node\detail\memory.h(30,22): message : see declaration of 'std::set<YAML::detail::shared_node,std::less<YAML::detail::shared_node>,std::allocator<YAML::detail::shared_node>>'
C:\Users\ssnee\Desktop\CPP-Game-Engine\TD Game\Dependencies\yaml\include\yaml-cpp\node\detail\memory.h(42,17): warning C4251: 'YAML::detail::memory_holder::m_pMemory': class 'std::shared_ptr<YAML::detail::memory>' needs to have dll-interface to be used by clients of class 'YAML::detail::memory_holder'
C:\Users\ssnee\Desktop\CPP-Game-Engine\TD Game\Dependencies\yaml\include\yaml-cpp\node\ptr.h(24,28): message : see declaration of 'std::shared_ptr<YAML::detail::memory>'
  nodeevents.cpp
  Defining YAML_CPP_API for DLL import
C:\Users\ssnee\Desktop\CPP-Game-Engine\TD Game\Dependencies\yaml\include\yaml-cpp\node\node.h(135,15): warning C4251: 'YAML::Node::m_invalidKey': class 'std::basic_string<char,std::char_traits<char>,std::allocator<char>>' needs to have dll-interface to be used by clients of class 'YAML::Node'
C:\Program Files\Microsoft Visual Studio\2022\Community\VC\Tools\MSVC\14.37.32822\include\xstring(5119,29): message : see declaration of 'std::basic_string<char,std::char_traits<char>,std::allocator<char>>'
C:\Users\ssnee\Desktop\CPP-Game-Engine\TD Game\Dependencies\yaml\include\yaml-cpp\node\node.h(136,40): warning C4251: 'YAML::Node::m_pMemory': class 'std::shared_ptr<YAML::detail::memory_holder>' needs to have dll-interface to be used by clients of class 'YAML::Node'
C:\Users\ssnee\Desktop\CPP-Game-Engine\TD Game\Dependencies\yaml\include\yaml-cpp\node\ptr.h(23,35): message : see declaration of 'std::shared_ptr<YAML::detail::memory_holder>'
C:\Users\ssnee\Desktop\CPP-Game-Engine\TD Game\Dependencies\yaml\include\yaml-cpp\node\detail\node_data.h(105,15): warning C4251: 'YAML::detail::node_data::m_tag': class 'std::basic_string<char,std::char_traits<char>,std::allocator<char>>' needs to have dll-interface to be used by clients of class 'YAML::detail::node_data'
C:\Program Files\Microsoft Visual Studio\2022\Community\VC\Tools\MSVC\14.37.32822\include\xstring(5119,29): message : see declaration of 'std::basic_string<char,std::char_traits<char>,std::allocator<char>>'
C:\Users\ssnee\Desktop\CPP-Game-Engine\TD Game\Dependencies\yaml\include\yaml-cpp\node\detail\node_data.h(109,15): warning C4251: 'YAML::detail::node_data::m_scalar': class 'std::basic_string<char,std::char_traits<char>,std::allocator<char>>' needs to have dll-interface to be used by clients of class 'YAML::detail::node_data'
C:\Program Files\Microsoft Visual Studio\2022\Community\VC\Tools\MSVC\14.37.32822\include\xstring(5119,29): message : see declaration of 'std::basic_string<char,std::char_traits<char>,std::allocator<char>>'
C:\Users\ssnee\Desktop\CPP-Game-Engine\TD Game\Dependencies\yaml\include\yaml-cpp\node\detail\node_data.h(113,12): warning C4251: 'YAML::detail::node_data::m_sequence': class 'std::vector<YAML::detail::node *,std::allocator<YAML::detail::node *>>' needs to have dll-interface to be used by clients of class 'YAML::detail::node_data'
C:\Users\ssnee\Desktop\CPP-Game-Engine\TD Game\Dependencies\yaml\include\yaml-cpp\node\detail\node_iterator.h(39,23): message : see declaration of 'std::vector<YAML::detail::node *,std::allocator<YAML::detail::node *>>'
C:\Users\ssnee\Desktop\CPP-Game-Engine\TD Game\Dependencies\yaml\include\yaml-cpp\node\detail\node_data.h(119,12): warning C4251: 'YAML::detail::node_data::m_map': class 'std::vector<std::pair<YAML::detail::node *,YAML::detail::node *>,std::allocator<std::pair<YAML::detail::node *,YAML::detail::node *>>>' needs to have dll-interface to be used by clients of class 'YAML::detail::node_data'
C:\Users\ssnee\Desktop\CPP-Game-Engine\TD Game\Dependencies\yaml\include\yaml-cpp\node\detail\node_iterator.h(40,23): message : see declaration of 'std::vector<std::pair<YAML::detail::node *,YAML::detail::node *>,std::allocator<std::pair<YAML::detail::node *,YAML::detail::node *>>>'
C:\Users\ssnee\Desktop\CPP-Game-Engine\TD Game\Dependencies\yaml\include\yaml-cpp\node\detail\node_data.h(123,20): warning C4251: 'YAML::detail::node_data::m_undefinedPairs': class 'std::list<YAML::detail::node_data::kv_pair,std::allocator<std::pair<YAML::detail::node *,YAML::detail::node *>>>' needs to have dll-interface to be used by clients of class 'YAML::detail::node_data'
C:\Users\ssnee\Desktop\CPP-Game-Engine\TD Game\Dependencies\yaml\include\yaml-cpp\node\detail\node_data.h(122,25): message : see declaration of 'std::list<YAML::detail::node_data::kv_pair,std::allocator<std::pair<YAML::detail::node *,YAML::detail::node *>>>'
  node_data.cpp
  Defining YAML_CPP_API for DLL import
C:\Users\ssnee\Desktop\CPP-Game-Engine\TD Game\Dependencies\yaml\include\yaml-cpp\exceptions.h(153,44): warning C4275: non dll-interface class 'std::runtime_error' used as base for dll-interface class 'YAML::Exception'
C:\Program Files\Microsoft Visual Studio\2022\Community\VC\Tools\MSVC\14.37.32822\include\stdexcept(101,19): message : see declaration of 'std::runtime_error'
C:\Users\ssnee\Desktop\CPP-Game-Engine\TD Game\Dependencies\yaml\include\yaml-cpp\exceptions.h(153,20): message : see declaration of 'YAML::Exception'
C:\Users\ssnee\Desktop\CPP-Game-Engine\TD Game\Dependencies\yaml\include\yaml-cpp\exceptions.h(162,15): warning C4251: 'YAML::Exception::msg': class 'std::basic_string<char,std::char_traits<char>,std::allocator<char>>' needs to have dll-interface to be used by clients of class 'YAML::Exception'
C:\Program Files\Microsoft Visual Studio\2022\Community\VC\Tools\MSVC\14.37.32822\include\xstring(5119,29): message : see declaration of 'std::basic_string<char,std::char_traits<char>,std::allocator<char>>'
C:\Users\ssnee\Desktop\CPP-Game-Engine\TD Game\Dependencies\yaml\include\yaml-cpp\node\detail\memory.h(31,9): warning C4251: 'YAML::detail::memory::m_nodes': class 'std::set<YAML::detail::shared_node,std::less<YAML::detail::shared_node>,std::allocator<YAML::detail::shared_node>>' needs to have dll-interface to be used by clients of class 'YAML::detail::memory'
C:\Users\ssnee\Desktop\CPP-Game-Engine\TD Game\Dependencies\yaml\include\yaml-cpp\node\detail\memory.h(30,22): message : see declaration of 'std::set<YAML::detail::shared_node,std::less<YAML::detail::shared_node>,std::allocator<YAML::detail::shared_node>>'
C:\Users\ssnee\Desktop\CPP-Game-Engine\TD Game\Dependencies\yaml\include\yaml-cpp\node\detail\memory.h(42,17): warning C4251: 'YAML::detail::memory_holder::m_pMemory': class 'std::shared_ptr<YAML::detail::memory>' needs to have dll-interface to be used by clients of class 'YAML::detail::memory_holder'
C:\Users\ssnee\Desktop\CPP-Game-Engine\TD Game\Dependencies\yaml\include\yaml-cpp\node\ptr.h(24,28): message : see declaration of 'std::shared_ptr<YAML::detail::memory>'
C:\Users\ssnee\Desktop\CPP-Game-Engine\TD Game\Dependencies\yaml\include\yaml-cpp\node\node.h(135,15): warning C4251: 'YAML::Node::m_invalidKey': class 'std::basic_string<char,std::char_traits<char>,std::allocator<char>>' needs to have dll-interface to be used by clients of class 'YAML::Node'
C:\Program Files\Microsoft Visual Studio\2022\Community\VC\Tools\MSVC\14.37.32822\include\xstring(5119,29): message : see declaration of 'std::basic_string<char,std::char_traits<char>,std::allocator<char>>'
C:\Users\ssnee\Desktop\CPP-Game-Engine\TD Game\Dependencies\yaml\include\yaml-cpp\node\node.h(136,40): warning C4251: 'YAML::Node::m_pMemory': class 'std::shared_ptr<YAML::detail::memory_holder>' needs to have dll-interface to be used by clients of class 'YAML::Node'
C:\Users\ssnee\Desktop\CPP-Game-Engine\TD Game\Dependencies\yaml\include\yaml-cpp\node\ptr.h(23,35): message : see declaration of 'std::shared_ptr<YAML::detail::memory_holder>'
C:\Users\ssnee\Desktop\CPP-Game-Engine\TD Game\Dependencies\yaml\include\yaml-cpp\node\detail\node_data.h(105,15): warning C4251: 'YAML::detail::node_data::m_tag': class 'std::basic_string<char,std::char_traits<char>,std::allocator<char>>' needs to have dll-interface to be used by clients of class 'YAML::detail::node_data'
C:\Program Files\Microsoft Visual Studio\2022\Community\VC\Tools\MSVC\14.37.32822\include\xstring(5119,29): message : see declaration of 'std::basic_string<char,std::char_traits<char>,std::allocator<char>>'
C:\Users\ssnee\Desktop\CPP-Game-Engine\TD Game\Dependencies\yaml\include\yaml-cpp\node\detail\node_data.h(109,15): warning C4251: 'YAML::detail::node_data::m_scalar': class 'std::basic_string<char,std::char_traits<char>,std::allocator<char>>' needs to have dll-interface to be used by clients of class 'YAML::detail::node_data'
C:\Program Files\Microsoft Visual Studio\2022\Community\VC\Tools\MSVC\14.37.32822\include\xstring(5119,29): message : see declaration of 'std::basic_string<char,std::char_traits<char>,std::allocator<char>>'
C:\Users\ssnee\Desktop\CPP-Game-Engine\TD Game\Dependencies\yaml\include\yaml-cpp\node\detail\node_data.h(113,12): warning C4251: 'YAML::detail::node_data::m_sequence': class 'std::vector<YAML::detail::node *,std::allocator<YAML::detail::node *>>' needs to have dll-interface to be used by clients of class 'YAML::detail::node_data'
C:\Users\ssnee\Desktop\CPP-Game-Engine\TD Game\Dependencies\yaml\include\yaml-cpp\node\detail\node_iterator.h(39,23): message : see declaration of 'std::vector<YAML::detail::node *,std::allocator<YAML::detail::node *>>'
C:\Users\ssnee\Desktop\CPP-Game-Engine\TD Game\Dependencies\yaml\include\yaml-cpp\node\detail\node_data.h(119,12): warning C4251: 'YAML::detail::node_data::m_map': class 'std::vector<std::pair<YAML::detail::node *,YAML::detail::node *>,std::allocator<std::pair<YAML::detail::node *,YAML::detail::node *>>>' needs to have dll-interface to be used by clients of class 'YAML::detail::node_data'
C:\Users\ssnee\Desktop\CPP-Game-Engine\TD Game\Dependencies\yaml\include\yaml-cpp\node\detail\node_iterator.h(40,23): message : see declaration of 'std::vector<std::pair<YAML::detail::node *,YAML::detail::node *>,std::allocator<std::pair<YAML::detail::node *,YAML::detail::node *>>>'
C:\Users\ssnee\Desktop\CPP-Game-Engine\TD Game\Dependencies\yaml\include\yaml-cpp\node\detail\node_data.h(123,20): warning C4251: 'YAML::detail::node_data::m_undefinedPairs': class 'std::list<YAML::detail::node_data::kv_pair,std::allocator<std::pair<YAML::detail::node *,YAML::detail::node *>>>' needs to have dll-interface to be used by clients of class 'YAML::detail::node_data'
C:\Users\ssnee\Desktop\CPP-Game-Engine\TD Game\Dependencies\yaml\include\yaml-cpp\node\detail\node_data.h(122,25): message : see declaration of 'std::list<YAML::detail::node_data::kv_pair,std::allocator<std::pair<YAML::detail::node *,YAML::detail::node *>>>'
C:\Users\ssnee\Desktop\CPP-Game-Engine\TD Game\Dependencies\yaml\src\node_data.cpp(16,40): error C2720: 'YAML::detail::node::m_amount': '__declspec(dllimport)' storage-class specifier illegal on members
C:\Users\ssnee\Desktop\CPP-Game-Engine\TD Game\Dependencies\yaml\src\node_data.cpp(16,34): error C2491: 'YAML::detail::node::m_amount': definition of dllimport static data member not allowed
C:\Users\ssnee\Desktop\CPP-Game-Engine\TD Game\Dependencies\yaml\src\node_data.cpp(18,31): warning C4273: 'YAML::detail::node_data::empty_scalar': inconsistent dll linkage
C:\Users\ssnee\Desktop\CPP-Game-Engine\TD Game\Dependencies\yaml\include\yaml-cpp\node\detail\node_data.h(85,29): message : see previous definition of 'empty_scalar'
C:\Users\ssnee\Desktop\CPP-Game-Engine\TD Game\Dependencies\yaml\src\node_data.cpp(23,12): warning C4273: 'YAML::detail::node_data::node_data': inconsistent dll linkage
C:\Users\ssnee\Desktop\CPP-Game-Engine\TD Game\Dependencies\yaml\include\yaml-cpp\node\detail\node_data.h(33,3): message : see previous definition of '{ctor}'
C:\Users\ssnee\Desktop\CPP-Game-Engine\TD Game\Dependencies\yaml\src\node_data.cpp(35,17): warning C4273: 'YAML::detail::node_data::mark_defined': inconsistent dll linkage
C:\Users\ssnee\Desktop\CPP-Game-Engine\TD Game\Dependencies\yaml\include\yaml-cpp\node\detail\node_data.h(37,8): message : see previous definition of 'mark_defined'
C:\Users\ssnee\Desktop\CPP-Game-Engine\TD Game\Dependencies\yaml\src\node_data.cpp(41,17): warning C4273: 'YAML::detail::node_data::set_mark': inconsistent dll linkage
C:\Users\ssnee\Desktop\CPP-Game-Engine\TD Game\Dependencies\yaml\include\yaml-cpp\node\detail\node_data.h(38,8): message : see previous definition of 'set_mark'
C:\Users\ssnee\Desktop\CPP-Game-Engine\TD Game\Dependencies\yaml\src\node_data.cpp(43,17): warning C4273: 'YAML::detail::node_data::set_type': inconsistent dll linkage
C:\Users\ssnee\Desktop\CPP-Game-Engine\TD Game\Dependencies\yaml\include\yaml-cpp\node\detail\node_data.h(39,8): message : see previous definition of 'set_type'
C:\Users\ssnee\Desktop\CPP-Game-Engine\TD Game\Dependencies\yaml\src\node_data.cpp(74,17): warning C4273: 'YAML::detail::node_data::set_tag': inconsistent dll linkage
C:\Users\ssnee\Desktop\CPP-Game-Engine\TD Game\Dependencies\yaml\include\yaml-cpp\node\detail\node_data.h(40,8): message : see previous definition of 'set_tag'
C:\Users\ssnee\Desktop\CPP-Game-Engine\TD Game\Dependencies\yaml\src\node_data.cpp(76,17): warning C4273: 'YAML::detail::node_data::set_style': inconsistent dll linkage
C:\Users\ssnee\Desktop\CPP-Game-Engine\TD Game\Dependencies\yaml\include\yaml-cpp\node\detail\node_data.h(43,8): message : see previous definition of 'set_style'
C:\Users\ssnee\Desktop\CPP-Game-Engine\TD Game\Dependencies\yaml\src\node_data.cpp(78,17): warning C4273: 'YAML::detail::node_data::set_null': inconsistent dll linkage
C:\Users\ssnee\Desktop\CPP-Game-Engine\TD Game\Dependencies\yaml\include\yaml-cpp\node\detail\node_data.h(41,8): message : see previous definition of 'set_null'
C:\Users\ssnee\Desktop\CPP-Game-Engine\TD Game\Dependencies\yaml\src\node_data.cpp(83,17): warning C4273: 'YAML::detail::node_data::set_scalar': inconsistent dll linkage
C:\Users\ssnee\Desktop\CPP-Game-Engine\TD Game\Dependencies\yaml\include\yaml-cpp\node\detail\node_data.h(42,8): message : see previous definition of 'set_scalar'
C:\Users\ssnee\Desktop\CPP-Game-Engine\TD Game\Dependencies\yaml\src\node_data.cpp(90,24): warning C4273: 'YAML::detail::node_data::size': inconsistent dll linkage
C:\Users\ssnee\Desktop\CPP-Game-Engine\TD Game\Dependencies\yaml\include\yaml-cpp\node\detail\node_data.h(55,15): message : see previous definition of 'size'
C:\Users\ssnee\Desktop\CPP-Game-Engine\TD Game\Dependencies\yaml\src\node_data.cpp(107,17): warning C4273: 'YAML::detail::node_data::compute_seq_size': inconsistent dll linkage
C:\Users\ssnee\Desktop\CPP-Game-Engine\TD Game\Dependencies\yaml\include\yaml-cpp\node\detail\node_data.h(88,8): message : see previous definition of 'compute_seq_size'
C:\Users\ssnee\Desktop\CPP-Game-Engine\TD Game\Dependencies\yaml\src\node_data.cpp(112,17): warning C4273: 'YAML::detail::node_data::compute_map_size': inconsistent dll linkage
C:\Users\ssnee\Desktop\CPP-Game-Engine\TD Game\Dependencies\yaml\include\yaml-cpp\node\detail\node_data.h(89,8): message : see previous definition of 'compute_map_size'
C:\Users\ssnee\Desktop\CPP-Game-Engine\TD Game\Dependencies\yaml\src\node_data.cpp(122,32): warning C4273: 'YAML::detail::node_data::begin': inconsistent dll linkage
C:\Users\ssnee\Desktop\CPP-Game-Engine\TD Game\Dependencies\yaml\include\yaml-cpp\node\detail\node_data.h(57,23): message : see previous definition of 'begin'
C:\Users\ssnee\Desktop\CPP-Game-Engine\TD Game\Dependencies\yaml\src\node_data.cpp(136,26): warning C4273: 'YAML::detail::node_data::begin': inconsistent dll linkage
C:\Users\ssnee\Desktop\CPP-Game-Engine\TD Game\Dependencies\yaml\include\yaml-cpp\node\detail\node_data.h(58,17): message : see previous definition of 'begin'
C:\Users\ssnee\Desktop\CPP-Game-Engine\TD Game\Dependencies\yaml\src\node_data.cpp(150,32): warning C4273: 'YAML::detail::node_data::end': inconsistent dll linkage
C:\Users\ssnee\Desktop\CPP-Game-Engine\TD Game\Dependencies\yaml\include\yaml-cpp\node\detail\node_data.h(60,23): message : see previous definition of 'end'
C:\Users\ssnee\Desktop\CPP-Game-Engine\TD Game\Dependencies\yaml\src\node_data.cpp(164,26): warning C4273: 'YAML::detail::node_data::end': inconsistent dll linkage
C:\Users\ssnee\Desktop\CPP-Game-Engine\TD Game\Dependencies\yaml\include\yaml-cpp\node\detail\node_data.h(61,17): message : see previous definition of 'end'
C:\Users\ssnee\Desktop\CPP-Game-Engine\TD Game\Dependencies\yaml\src\node_data.cpp(179,17): warning C4273: 'YAML::detail::node_data::push_back': inconsistent dll linkage
C:\Users\ssnee\Desktop\CPP-Game-Engine\TD Game\Dependencies\yaml\include\yaml-cpp\node\detail\node_data.h(64,8): message : see previous definition of 'push_back'
C:\Users\ssnee\Desktop\CPP-Game-Engine\TD Game\Dependencies\yaml\src\node_data.cpp(192,17): warning C4273: 'YAML::detail::node_data::insert': inconsistent dll linkage
C:\Users\ssnee\Desktop\CPP-Game-Engine\TD Game\Dependencies\yaml\include\yaml-cpp\node\detail\node_data.h(65,8): message : see previous definition of 'insert'
C:\Users\ssnee\Desktop\CPP-Game-Engine\TD Game\Dependencies\yaml\src\node_data.cpp(210,18): warning C4273: 'YAML::detail::node_data::get': inconsistent dll linkage
C:\Users\ssnee\Desktop\CPP-Game-Engine\TD Game\Dependencies\yaml\include\yaml-cpp\node\detail\node_data.h(75,9): message : see previous definition of 'get'
C:\Users\ssnee\Desktop\CPP-Game-Engine\TD Game\Dependencies\yaml\src\node_data.cpp(224,18): warning C4273: 'YAML::detail::node_data::get': inconsistent dll linkage
C:\Users\ssnee\Desktop\CPP-Game-Engine\TD Game\Dependencies\yaml\include\yaml-cpp\node\detail\node_data.h(76,9): message : see previous definition of 'get'
C:\Users\ssnee\Desktop\CPP-Game-Engine\TD Game\Dependencies\yaml\src\node_data.cpp(247,17): warning C4273: 'YAML::detail::node_data::remove': inconsistent dll linkage
C:\Users\ssnee\Desktop\CPP-Game-Engine\TD Game\Dependencies\yaml\include\yaml-cpp\node\detail\node_data.h(77,8): message : see previous definition of 'remove'
C:\Users\ssnee\Desktop\CPP-Game-Engine\TD Game\Dependencies\yaml\src\node_data.cpp(272,17): warning C4273: 'YAML::detail::node_data::reset_sequence': inconsistent dll linkage
C:\Users\ssnee\Desktop\CPP-Game-Engine\TD Game\Dependencies\yaml\include\yaml-cpp\node\detail\node_data.h(91,8): message : see previous definition of 'reset_sequence'
C:\Users\ssnee\Desktop\CPP-Game-Engine\TD Game\Dependencies\yaml\src\node_data.cpp(277,17): warning C4273: 'YAML::detail::node_data::reset_map': inconsistent dll linkage
C:\Users\ssnee\Desktop\CPP-Game-Engine\TD Game\Dependencies\yaml\include\yaml-cpp\node\detail\node_data.h(92,8): message : see previous definition of 'reset_map'
C:\Users\ssnee\Desktop\CPP-Game-Engine\TD Game\Dependencies\yaml\src\node_data.cpp(282,17): warning C4273: 'YAML::detail::node_data::insert_map_pair': inconsistent dll linkage
C:\Users\ssnee\Desktop\CPP-Game-Engine\TD Game\Dependencies\yaml\include\yaml-cpp\node\detail\node_data.h(94,8): message : see previous definition of 'insert_map_pair'
C:\Users\ssnee\Desktop\CPP-Game-Engine\TD Game\Dependencies\yaml\src\node_data.cpp(289,17): warning C4273: 'YAML::detail::node_data::convert_to_map': inconsistent dll linkage
C:\Users\ssnee\Desktop\CPP-Game-Engine\TD Game\Dependencies\yaml\include\yaml-cpp\node\detail\node_data.h(95,8): message : see previous definition of 'convert_to_map'
C:\Users\ssnee\Desktop\CPP-Game-Engine\TD Game\Dependencies\yaml\src\node_data.cpp(307,17): warning C4273: 'YAML::detail::node_data::convert_sequence_to_map': inconsistent dll linkage
C:\Users\ssnee\Desktop\CPP-Game-Engine\TD Game\Dependencies\yaml\include\yaml-cpp\node\detail\node_data.h(96,8): message : see previous definition of 'convert_sequence_to_map'
  parse.cpp
  Defining YAML_CPP_API for DLL import
C:\Users\ssnee\Desktop\CPP-Game-Engine\TD Game\Dependencies\yaml\include\yaml-cpp\exceptions.h(153,44): warning C4275: non dll-interface class 'std::runtime_error' used as base for dll-interface class 'YAML::Exception'
C:\Program Files\Microsoft Visual Studio\2022\Community\VC\Tools\MSVC\14.37.32822\include\stdexcept(101,19): message : see declaration of 'std::runtime_error'
C:\Users\ssnee\Desktop\CPP-Game-Engine\TD Game\Dependencies\yaml\include\yaml-cpp\exceptions.h(153,20): message : see declaration of 'YAML::Exception'
C:\Users\ssnee\Desktop\CPP-Game-Engine\TD Game\Dependencies\yaml\include\yaml-cpp\exceptions.h(162,15): warning C4251: 'YAML::Exception::msg': class 'std::basic_string<char,std::char_traits<char>,std::allocator<char>>' needs to have dll-interface to be used by clients of class 'YAML::Exception'
C:\Program Files\Microsoft Visual Studio\2022\Community\VC\Tools\MSVC\14.37.32822\include\xstring(5119,29): message : see declaration of 'std::basic_string<char,std::char_traits<char>,std::allocator<char>>'
C:\Users\ssnee\Desktop\CPP-Game-Engine\TD Game\Dependencies\yaml\include\yaml-cpp\node\detail\memory.h(31,9): warning C4251: 'YAML::detail::memory::m_nodes': class 'std::set<YAML::detail::shared_node,std::less<YAML::detail::shared_node>,std::allocator<YAML::detail::shared_node>>' needs to have dll-interface to be used by clients of class 'YAML::detail::memory'
C:\Users\ssnee\Desktop\CPP-Game-Engine\TD Game\Dependencies\yaml\include\yaml-cpp\node\detail\memory.h(30,22): message : see declaration of 'std::set<YAML::detail::shared_node,std::less<YAML::detail::shared_node>,std::allocator<YAML::detail::shared_node>>'
C:\Users\ssnee\Desktop\CPP-Game-Engine\TD Game\Dependencies\yaml\include\yaml-cpp\node\detail\memory.h(42,17): warning C4251: 'YAML::detail::memory_holder::m_pMemory': class 'std::shared_ptr<YAML::detail::memory>' needs to have dll-interface to be used by clients of class 'YAML::detail::memory_holder'
C:\Users\ssnee\Desktop\CPP-Game-Engine\TD Game\Dependencies\yaml\include\yaml-cpp\node\ptr.h(24,28): message : see declaration of 'std::shared_ptr<YAML::detail::memory>'
C:\Users\ssnee\Desktop\CPP-Game-Engine\TD Game\Dependencies\yaml\include\yaml-cpp\node\node.h(135,15): warning C4251: 'YAML::Node::m_invalidKey': class 'std::basic_string<char,std::char_traits<char>,std::allocator<char>>' needs to have dll-interface to be used by clients of class 'YAML::Node'
C:\Program Files\Microsoft Visual Studio\2022\Community\VC\Tools\MSVC\14.37.32822\include\xstring(5119,29): message : see declaration of 'std::basic_string<char,std::char_traits<char>,std::allocator<char>>'
C:\Users\ssnee\Desktop\CPP-Game-Engine\TD Game\Dependencies\yaml\include\yaml-cpp\node\node.h(136,40): warning C4251: 'YAML::Node::m_pMemory': class 'std::shared_ptr<YAML::detail::memory_holder>' needs to have dll-interface to be used by clients of class 'YAML::Node'
C:\Users\ssnee\Desktop\CPP-Game-Engine\TD Game\Dependencies\yaml\include\yaml-cpp\node\ptr.h(23,35): message : see declaration of 'std::shared_ptr<YAML::detail::memory_holder>'
C:\Users\ssnee\Desktop\CPP-Game-Engine\TD Game\Dependencies\yaml\include\yaml-cpp\node\detail\node_data.h(105,15): warning C4251: 'YAML::detail::node_data::m_tag': class 'std::basic_string<char,std::char_traits<char>,std::allocator<char>>' needs to have dll-interface to be used by clients of class 'YAML::detail::node_data'
C:\Program Files\Microsoft Visual Studio\2022\Community\VC\Tools\MSVC\14.37.32822\include\xstring(5119,29): message : see declaration of 'std::basic_string<char,std::char_traits<char>,std::allocator<char>>'
C:\Users\ssnee\Desktop\CPP-Game-Engine\TD Game\Dependencies\yaml\include\yaml-cpp\node\detail\node_data.h(109,15): warning C4251: 'YAML::detail::node_data::m_scalar': class 'std::basic_string<char,std::char_traits<char>,std::allocator<char>>' needs to have dll-interface to be used by clients of class 'YAML::detail::node_data'
C:\Program Files\Microsoft Visual Studio\2022\Community\VC\Tools\MSVC\14.37.32822\include\xstring(5119,29): message : see declaration of 'std::basic_string<char,std::char_traits<char>,std::allocator<char>>'
C:\Users\ssnee\Desktop\CPP-Game-Engine\TD Game\Dependencies\yaml\include\yaml-cpp\node\detail\node_data.h(113,12): warning C4251: 'YAML::detail::node_data::m_sequence': class 'std::vector<YAML::detail::node *,std::allocator<YAML::detail::node *>>' needs to have dll-interface to be used by clients of class 'YAML::detail::node_data'
C:\Users\ssnee\Desktop\CPP-Game-Engine\TD Game\Dependencies\yaml\src\nodebuilder.h(64,22): message : see declaration of 'std::vector<YAML::detail::node *,std::allocator<YAML::detail::node *>>'
C:\Users\ssnee\Desktop\CPP-Game-Engine\TD Game\Dependencies\yaml\include\yaml-cpp\node\detail\node_data.h(119,12): warning C4251: 'YAML::detail::node_data::m_map': class 'std::vector<std::pair<YAML::detail::node *,YAML::detail::node *>,std::allocator<std::pair<YAML::detail::node *,YAML::detail::node *>>>' needs to have dll-interface to be used by clients of class 'YAML::detail::node_data'
C:\Users\ssnee\Desktop\CPP-Game-Engine\TD Game\Dependencies\yaml\include\yaml-cpp\node\detail\node_iterator.h(40,23): message : see declaration of 'std::vector<std::pair<YAML::detail::node *,YAML::detail::node *>,std::allocator<std::pair<YAML::detail::node *,YAML::detail::node *>>>'
C:\Users\ssnee\Desktop\CPP-Game-Engine\TD Game\Dependencies\yaml\include\yaml-cpp\node\detail\node_data.h(123,20): warning C4251: 'YAML::detail::node_data::m_undefinedPairs': class 'std::list<YAML::detail::node_data::kv_pair,std::allocator<std::pair<YAML::detail::node *,YAML::detail::node *>>>' needs to have dll-interface to be used by clients of class 'YAML::detail::node_data'
C:\Users\ssnee\Desktop\CPP-Game-Engine\TD Game\Dependencies\yaml\include\yaml-cpp\node\detail\node_data.h(122,25): message : see declaration of 'std::list<YAML::detail::node_data::kv_pair,std::allocator<std::pair<YAML::detail::node *,YAML::detail::node *>>>'
C:\Users\ssnee\Desktop\CPP-Game-Engine\TD Game\Dependencies\yaml\include\yaml-cpp\parser.h(85,28): warning C4251: 'YAML::Parser::m_pScanner': class 'std::unique_ptr<YAML::Scanner,std::default_delete<YAML::Scanner>>' needs to have dll-interface to be used by clients of class 'YAML::Parser'
C:\Users\ssnee\Desktop\CPP-Game-Engine\TD Game\Dependencies\yaml\include\yaml-cpp\parser.h(85,8): message : see declaration of 'std::unique_ptr<YAML::Scanner,std::default_delete<YAML::Scanner>>'
C:\Users\ssnee\Desktop\CPP-Game-Engine\TD Game\Dependencies\yaml\include\yaml-cpp\parser.h(86,31): warning C4251: 'YAML::Parser::m_pDirectives': class 'std::unique_ptr<YAML::Directives,std::default_delete<YAML::Directives>>' needs to have dll-interface to be used by clients of class 'YAML::Parser'
C:\Users\ssnee\Desktop\CPP-Game-Engine\TD Game\Dependencies\yaml\include\yaml-cpp\parser.h(86,8): message : see declaration of 'std::unique_ptr<YAML::Directives,std::default_delete<YAML::Directives>>'
C:\Users\ssnee\Desktop\CPP-Game-Engine\TD Game\Dependencies\yaml\src\parse.cpp(12,6): warning C4273: 'YAML::Load': inconsistent dll linkage
C:\Users\ssnee\Desktop\CPP-Game-Engine\TD Game\Dependencies\yaml\include\yaml-cpp\node\parse.h(24,19): message : see previous definition of 'Load'
C:\Users\ssnee\Desktop\CPP-Game-Engine\TD Game\Dependencies\yaml\src\parse.cpp(17,6): warning C4273: 'YAML::Load': inconsistent dll linkage
C:\Users\ssnee\Desktop\CPP-Game-Engine\TD Game\Dependencies\yaml\include\yaml-cpp\node\parse.h(31,19): message : see previous definition of 'Load'
C:\Users\ssnee\Desktop\CPP-Game-Engine\TD Game\Dependencies\yaml\src\parse.cpp(22,6): warning C4273: 'YAML::Load': inconsistent dll linkage
C:\Users\ssnee\Desktop\CPP-Game-Engine\TD Game\Dependencies\yaml\include\yaml-cpp\node\parse.h(38,19): message : see previous definition of 'Load'
C:\Users\ssnee\Desktop\CPP-Game-Engine\TD Game\Dependencies\yaml\src\parse.cpp(32,6): warning C4273: 'YAML::LoadFile': inconsistent dll linkage
C:\Users\ssnee\Desktop\CPP-Game-Engine\TD Game\Dependencies\yaml\include\yaml-cpp\node\parse.h(46,19): message : see previous definition of 'LoadFile'
C:\Users\ssnee\Desktop\CPP-Game-Engine\TD Game\Dependencies\yaml\src\parse.cpp(40,19): warning C4273: 'YAML::LoadAll': inconsistent dll linkage
C:\Users\ssnee\Desktop\CPP-Game-Engine\TD Game\Dependencies\yaml\include\yaml-cpp\node\parse.h(53,32): message : see previous definition of 'LoadAll'
C:\Users\ssnee\Desktop\CPP-Game-Engine\TD Game\Dependencies\yaml\src\parse.cpp(45,19): warning C4273: 'YAML::LoadAll': inconsistent dll linkage
C:\Users\ssnee\Desktop\CPP-Game-Engine\TD Game\Dependencies\yaml\include\yaml-cpp\node\parse.h(60,32): message : see previous definition of 'LoadAll'
C:\Users\ssnee\Desktop\CPP-Game-Engine\TD Game\Dependencies\yaml\src\parse.cpp(50,19): warning C4273: 'YAML::LoadAll': inconsistent dll linkage
C:\Users\ssnee\Desktop\CPP-Game-Engine\TD Game\Dependencies\yaml\include\yaml-cpp\node\parse.h(67,32): message : see previous definition of 'LoadAll'
C:\Users\ssnee\Desktop\CPP-Game-Engine\TD Game\Dependencies\yaml\src\parse.cpp(65,19): warning C4273: 'YAML::LoadAllFromFile': inconsistent dll linkage
C:\Users\ssnee\Desktop\CPP-Game-Engine\TD Game\Dependencies\yaml\include\yaml-cpp\node\parse.h(75,32): message : see previous definition of 'LoadAllFromFile'
  Generating Code...
