c:\users\ssnee\source\repos\td game\debug\vc143.pdb
c:\users\ssnee\source\repos\td game\debug\vc143.idb
c:\users\ssnee\source\repos\td game\debug\main.obj
c:\users\ssnee\source\repos\td game\debug\engine.obj
c:\users\ssnee\source\repos\td game\debug\imgui_widgets.obj
c:\users\ssnee\source\repos\td game\debug\imgui_tables.obj
c:\users\ssnee\source\repos\td game\debug\imgui_impl_opengl3.obj
c:\users\ssnee\source\repos\td game\debug\imgui_impl_glfw.obj
c:\users\ssnee\source\repos\td game\debug\imgui_draw.obj
c:\users\ssnee\source\repos\td game\debug\imgui_demo.obj
c:\users\ssnee\source\repos\td game\debug\imgui.obj
c:\users\ssnee\source\repos\td game\debug\td game.ilk
c:\users\ssnee\source\repos\td game\debug\td game.exe
c:\users\ssnee\source\repos\td game\debug\td game.pdb
c:\users\ssnee\source\repos\td game\debug\td game.tlog\cl.command.1.tlog
c:\users\ssnee\source\repos\td game\debug\td game.tlog\cl.read.1.tlog
c:\users\ssnee\source\repos\td game\debug\td game.tlog\cl.write.1.tlog
c:\users\ssnee\source\repos\td game\debug\td game.tlog\link.command.1.tlog
c:\users\ssnee\source\repos\td game\debug\td game.tlog\link.read.1.tlog
c:\users\ssnee\source\repos\td game\debug\td game.tlog\link.write.1.tlog
