c:\users\ssnee\source\repos\td game\release\vc143.pdb
c:\users\ssnee\source\repos\td game\release\shader.obj
c:\users\ssnee\source\repos\td game\release\main.obj
c:\users\ssnee\source\repos\td game\release\entity.obj
c:\users\ssnee\source\repos\td game\release\engine.obj
c:\users\ssnee\source\repos\td game\release\imgui_widgets.obj
c:\users\ssnee\source\repos\td game\release\imgui_tables.obj
c:\users\ssnee\source\repos\td game\release\imgui_impl_opengl3.obj
c:\users\ssnee\source\repos\td game\release\imgui_impl_glfw.obj
c:\users\ssnee\source\repos\td game\release\imgui_draw.obj
c:\users\ssnee\source\repos\td game\release\imgui_demo.obj
c:\users\ssnee\source\repos\td game\release\imgui.obj
c:\users\ssnee\source\repos\td game\release\td game.exe
c:\users\ssnee\source\repos\td game\release\td game.pdb
c:\users\ssnee\source\repos\td game\release\td game.ipdb
c:\users\ssnee\source\repos\td game\release\td game.iobj
c:\users\ssnee\source\repos\td game\release\td game.tlog\cl.command.1.tlog
c:\users\ssnee\source\repos\td game\release\td game.tlog\cl.read.1.tlog
c:\users\ssnee\source\repos\td game\release\td game.tlog\cl.write.1.tlog
c:\users\ssnee\source\repos\td game\release\td game.tlog\link.command.1.tlog
c:\users\ssnee\source\repos\td game\release\td game.tlog\link.read.1.tlog
c:\users\ssnee\source\repos\td game\release\td game.tlog\link.write.1.tlog
c:\users\ssnee\source\repos\td game\release\td game.tlog\link.write.2u.tlog
